2025-06-03 14:54:54,730 - INFO - CassandraSec Feature Engineer initialized
2025-06-03 14:54:54,732 - INFO - Inspecting database structure...
2025-06-03 14:54:54,735 - INFO - Available tables: ['packages', 'sqlite_sequence', 'vulnerabilities', 'package_versions', 'maintainers', 'package_maintainers', 'repository_metrics', 'dependencies', 'security_advisories', 'collection_status', 'historical_cves']
2025-06-03 14:54:54,736 - INFO - Packages table columns: ['id', 'name', 'ecosystem', 'description', 'homepage_url', 'repository_url', 'created_date', 'last_updated', 'download_count']
2025-06-03 14:54:54,736 - INFO - Loading base datasets...
2025-06-03 14:54:54,751 - INFO - Loaded 2778 packages
2025-06-03 14:54:54,876 - INFO - Loaded 32442 historical CVEs
2025-06-03 14:54:54,884 - INFO - Loaded maintainer data for 2825 packages
2025-06-03 14:54:54,942 - INFO - Loaded dependency data for 2046 packages
2025-06-03 14:54:54,942 - INFO - Creating target labels...
2025-06-03 14:54:54,970 - INFO - Training vulnerable packages: 2519
2025-06-03 14:54:54,971 - INFO - Validation vulnerable packages: 1690
2025-06-03 14:54:54,972 - INFO - Engineering maintainer health features...
2025-06-03 14:54:54,987 - INFO - Created 12 maintainer health features
2025-06-03 14:54:54,988 - INFO - Engineering community signal features...
2025-06-03 14:54:54,992 - INFO - Created 9 community signal features
2025-06-03 14:54:54,992 - INFO - Engineering security posture features...
2025-06-03 14:54:55,122 - INFO - Created 7 security posture features
2025-06-03 14:54:55,122 - INFO - Engineering temporal pattern features...
2025-06-03 14:54:55,125 - INFO - Created 8 temporal pattern features
2025-06-03 14:54:55,125 - INFO - Creating composite risk scores...
2025-06-03 14:54:55,128 - INFO - Created 5 composite risk features
2025-06-03 14:54:55,129 - INFO - Preparing ML-ready datasets...
2025-06-03 14:54:55,136 - INFO - Created ML dataset with 41 features and 2825 samples
2025-06-03 14:54:55,138 - INFO - Training labels - Vulnerable: 2561, Safe: 264
2025-06-03 14:54:55,139 - INFO - Validation labels - Vulnerable: 1715, Safe: 1110
2025-06-03 14:54:55,139 - INFO - Saving engineered features...
2025-06-03 14:54:55,211 - INFO - All engineered features saved successfully
