2025-06-03 14:57:04,409 - INFO - Initializing CassandraSec V2...
2025-06-03 14:57:04,414 - INFO - GPU detected: NVIDIA GeForce RTX 3060 Laptop GPU
2025-06-03 14:57:04,414 - INFO - GPU memory: 6.4 GB
2025-06-03 14:57:04,704 - INFO - CassandraSec V2 Initialized - Device: cuda
2025-06-03 14:57:04,705 - INFO - Loading data from database...
2025-06-03 14:57:04,767 - INFO - Loaded 2825 engineered features
2025-06-03 14:57:04,881 - INFO - Loaded 32442 historical CVEs
2025-06-03 14:57:04,969 - INFO - Loaded 50000 dependencies
2025-06-03 14:57:04,970 - INFO - Preparing features for ML pipeline...
2025-06-03 14:57:52,475 - INFO - Feature preparation complete
2025-06-03 14:57:52,476 - INFO - GNN features shape: torch.Size([2825, 12])
2025-06-03 14:57:52,484 - INFO - LSTM features shape: torch.Size([2825, 12, 8])
2025-06-03 14:57:52,484 - INFO - BERT features prepared: 2825 samples
2025-06-03 14:57:52,488 - INFO - Starting GPU-optimized training pipeline...
2025-06-03 14:57:53,103 - INFO - Training on 53 batches per epoch
2025-06-03 14:58:01,699 - INFO - Epoch 0, Batch 0/53, Loss: 0.6799
2025-06-03 14:58:02,975 - INFO - Epoch 0, Batch 50/53, Loss: 0.5876
2025-06-03 14:58:13,152 - INFO - Epoch 0: Avg Loss: 0.6424, Val AUC: 0.7579
2025-06-03 14:58:20,642 - INFO - Epoch 1, Batch 0/53, Loss: 0.5398
2025-06-03 14:58:21,728 - INFO - Epoch 1, Batch 50/53, Loss: 0.6018
2025-06-03 14:58:30,313 - INFO - Epoch 2, Batch 0/53, Loss: 0.4922
2025-06-03 14:58:31,489 - INFO - Epoch 2, Batch 50/53, Loss: 0.5084
2025-06-03 14:58:41,318 - INFO - Epoch 2: Avg Loss: 0.5869, Val AUC: 0.7516
2025-06-03 14:58:48,820 - INFO - Epoch 3, Batch 0/53, Loss: 0.5574
2025-06-03 14:58:49,949 - INFO - Epoch 3, Batch 50/53, Loss: 0.5391
2025-06-03 14:58:58,430 - INFO - Epoch 4, Batch 0/53, Loss: 0.5752
2025-06-03 14:58:59,519 - INFO - Epoch 4, Batch 50/53, Loss: 0.7091
2025-06-03 14:59:09,508 - INFO - Epoch 4: Avg Loss: 0.5892, Val AUC: 0.7451
2025-06-03 14:59:16,997 - INFO - Epoch 5, Batch 0/53, Loss: 0.5841
2025-06-03 14:59:18,130 - INFO - Epoch 5, Batch 50/53, Loss: 0.6284
2025-06-03 14:59:26,426 - INFO - Epoch 6, Batch 0/53, Loss: 0.4897
2025-06-03 14:59:27,580 - INFO - Epoch 6, Batch 50/53, Loss: 0.5531
2025-06-03 14:59:37,926 - INFO - Epoch 6: Avg Loss: 0.5762, Val AUC: 0.7497
2025-06-03 14:59:45,216 - INFO - Epoch 7, Batch 0/53, Loss: 0.5327
2025-06-03 14:59:46,329 - INFO - Epoch 7, Batch 50/53, Loss: 0.5236
2025-06-03 14:59:55,522 - INFO - Epoch 8, Batch 0/53, Loss: 0.5614
2025-06-03 14:59:56,740 - INFO - Epoch 8, Batch 50/53, Loss: 0.5763
2025-06-03 15:00:07,103 - INFO - Epoch 8: Avg Loss: 0.5813, Val AUC: 0.7519
2025-06-03 15:00:14,965 - INFO - Epoch 9, Batch 0/53, Loss: 0.6107
2025-06-03 15:00:16,140 - INFO - Epoch 9, Batch 50/53, Loss: 0.6164
2025-06-03 15:00:24,991 - INFO - Epoch 10, Batch 0/53, Loss: 0.5805
2025-06-03 15:00:26,064 - INFO - Epoch 10, Batch 50/53, Loss: 0.6414
2025-06-03 15:00:36,085 - INFO - Epoch 10: Avg Loss: 0.5737, Val AUC: 0.7557
2025-06-03 15:00:43,352 - INFO - Epoch 11, Batch 0/53, Loss: 0.5348
2025-06-03 15:00:44,539 - INFO - Epoch 11, Batch 50/53, Loss: 0.5002
2025-06-03 15:00:53,074 - INFO - Epoch 12, Batch 0/53, Loss: 0.5893
2025-06-03 15:00:54,303 - INFO - Epoch 12, Batch 50/53, Loss: 0.6114
2025-06-03 15:01:04,544 - INFO - Epoch 12: Avg Loss: 0.5711, Val AUC: 0.7558
2025-06-03 15:01:11,959 - INFO - Epoch 13, Batch 0/53, Loss: 0.5517
2025-06-03 15:01:13,068 - INFO - Epoch 13, Batch 50/53, Loss: 0.4603
2025-06-03 15:01:21,719 - INFO - Epoch 14, Batch 0/53, Loss: 0.5944
2025-06-03 15:01:22,853 - INFO - Epoch 14, Batch 50/53, Loss: 0.4519
2025-06-03 15:01:32,891 - INFO - Epoch 14: Avg Loss: 0.5721, Val AUC: 0.7485
2025-06-03 15:01:40,532 - INFO - Epoch 15, Batch 0/53, Loss: 0.4956
2025-06-03 15:01:41,675 - INFO - Epoch 15, Batch 50/53, Loss: 0.6820
2025-06-03 15:01:50,746 - INFO - Epoch 16, Batch 0/53, Loss: 0.6235
2025-06-03 15:01:51,933 - INFO - Epoch 16, Batch 50/53, Loss: 0.6666
2025-06-03 15:02:02,077 - INFO - Epoch 16: Avg Loss: 0.5765, Val AUC: 0.7536
2025-06-03 15:02:10,121 - INFO - Epoch 17, Batch 0/53, Loss: 0.4874
2025-06-03 15:02:11,246 - INFO - Epoch 17, Batch 50/53, Loss: 0.6986
2025-06-03 15:02:19,975 - INFO - Epoch 18, Batch 0/53, Loss: 0.6500
2025-06-03 15:02:21,151 - INFO - Epoch 18, Batch 50/53, Loss: 0.4262
2025-06-03 15:02:31,549 - INFO - Epoch 18: Avg Loss: 0.5716, Val AUC: 0.7549
2025-06-03 15:02:39,145 - INFO - Epoch 19, Batch 0/53, Loss: 0.4976
2025-06-03 15:02:40,296 - INFO - Epoch 19, Batch 50/53, Loss: 0.5108
2025-06-03 15:02:49,212 - INFO - Epoch 20, Batch 0/53, Loss: 0.4734
2025-06-03 15:02:50,436 - INFO - Epoch 20, Batch 50/53, Loss: 0.6151
2025-06-03 15:03:00,683 - INFO - Epoch 20: Avg Loss: 0.5680, Val AUC: 0.7561
2025-06-03 15:03:08,361 - INFO - Epoch 21, Batch 0/53, Loss: 0.5588
2025-06-03 15:03:09,523 - INFO - Epoch 21, Batch 50/53, Loss: 0.5191
2025-06-03 15:03:18,028 - INFO - Epoch 22, Batch 0/53, Loss: 0.6108
2025-06-03 15:03:19,421 - INFO - Epoch 22, Batch 50/53, Loss: 0.4501
2025-06-03 15:03:29,633 - INFO - Epoch 22: Avg Loss: 0.5712, Val AUC: 0.7578
2025-06-03 15:03:37,058 - INFO - Epoch 23, Batch 0/53, Loss: 0.4787
2025-06-03 15:03:38,305 - INFO - Epoch 23, Batch 50/53, Loss: 0.6565
2025-06-03 15:03:47,236 - INFO - Epoch 24, Batch 0/53, Loss: 0.4993
2025-06-03 15:03:48,394 - INFO - Epoch 24, Batch 50/53, Loss: 0.6609
2025-06-03 15:03:58,841 - INFO - Epoch 24: Avg Loss: 0.5677, Val AUC: 0.7564
2025-06-03 15:04:06,355 - INFO - Epoch 25, Batch 0/53, Loss: 0.5373
2025-06-03 15:04:07,473 - INFO - Epoch 25, Batch 50/53, Loss: 0.5008
2025-06-03 15:04:16,055 - INFO - Epoch 26, Batch 0/53, Loss: 0.5080
2025-06-03 15:04:17,216 - INFO - Epoch 26, Batch 50/53, Loss: 0.4540
2025-06-03 15:04:27,618 - INFO - Epoch 26: Avg Loss: 0.5661, Val AUC: 0.7565
2025-06-03 15:04:35,369 - INFO - Epoch 27, Batch 0/53, Loss: 0.5418
2025-06-03 15:04:36,697 - INFO - Epoch 27, Batch 50/53, Loss: 0.5443
2025-06-03 15:04:45,790 - INFO - Epoch 28, Batch 0/53, Loss: 0.5571
2025-06-03 15:04:47,041 - INFO - Epoch 28, Batch 50/53, Loss: 0.5045
2025-06-03 15:04:58,413 - INFO - Epoch 28: Avg Loss: 0.5638, Val AUC: 0.7535
2025-06-03 15:05:06,042 - INFO - Epoch 29, Batch 0/53, Loss: 0.5576
2025-06-03 15:05:07,273 - INFO - Epoch 29, Batch 50/53, Loss: 0.6083
2025-06-03 15:05:17,817 - INFO - Epoch 30, Batch 0/53, Loss: 0.6189
2025-06-03 15:05:20,853 - INFO - Epoch 30, Batch 50/53, Loss: 0.6844
2025-06-03 15:05:31,014 - INFO - Epoch 30: Avg Loss: 0.5598, Val AUC: 0.7558
2025-06-03 15:05:31,014 - INFO - Early stopping at epoch 30
2025-06-03 15:05:40,045 - INFO - Final Test AUC: 0.7276
2025-06-03 15:05:40,045 - INFO - High-risk precision: 86.67%
2025-06-03 15:05:40,045 - INFO - Generating risk assessment report...
2025-06-03 15:05:40,049 - INFO - Pipeline completed successfully
